[ 2017-05-18T23:00:10+08:00 ] ::1 /health/management/Application/index.php/Connector/Doc/getHotDoc
INFO: [ app_init ] --START--
INFO: [ app_init ] --END-- [ RunTime:0.024173s ]
INFO: [ path_info ] --START--
INFO: [ path_info ] --END-- [ RunTime:0.000066s ]
INFO: [ app_begin ] --START--
INFO: Run Behavior\ReadHtmlCache [ RunTime:0.000087s ]
INFO: [ app_begin ] --END-- [ RunTime:0.000223s ]
INFO: [ action_begin ] --START--
INFO: [ action_begin ] --END-- [ RunTime:0.000074s ]
NOTIC: [2048] Declaration of Admin\Model\DoctorInfoModel::_after_insert() should be compatible with that of Think\Model::_after_insert() E:\WWW\health\management\Application\Admin\Model\DoctorInfoModel.class.php 第 7 行.
SQL: SHOW COLUMNS FROM `doctor_info` [ RunTime:0.227457s ]
SQL: SELECT a.*,b.hos_name FROM doctor_info a LEFT JOIN hospital_info b on a.hos_id=b.hos_id ORDER BY doc_attention desc LIMIT 8   [ RunTime:0.082007s ]
INFO: [ app_end ] --START--
INFO: Run Behavior\ShowPageTrace [ RunTime:0.000130s ]
INFO: [ app_end ] --END-- [ RunTime:0.000390s ]

[ 2017-05-18T23:00:11+08:00 ] ::1 /health/management/Application/index.php/
INFO: [ app_init ] --START--
INFO: [ app_init ] --END-- [ RunTime:0.000485s ]
INFO: [ app_begin ] --START--
INFO: Run Behavior\ReadHtmlCache [ RunTime:0.000070s ]
INFO: [ app_begin ] --END-- [ RunTime:0.000168s ]
INFO: [ action_begin ] --START--
INFO: [ action_begin ] --END-- [ RunTime:0.000066s ]
INFO: [ view_begin ] --START--
INFO: [ view_begin ] --END-- [ RunTime:0.000039s ]
INFO: [ view_parse ] --START--
INFO: [ template_filter ] --START--
INFO: Run Behavior\ContentReplace [ RunTime:0.000433s ]
INFO: [ template_filter ] --END-- [ RunTime:0.001277s ]
INFO: Run Behavior\ParseTemplate [ RunTime:0.476815s ]
INFO: [ view_parse ] --END-- [ RunTime:0.476938s ]
INFO: [ view_filter ] --START--
INFO: Run Behavior\WriteHtmlCache [ RunTime:0.000028s ]
INFO: [ view_filter ] --END-- [ RunTime:0.000102s ]
INFO: [ view_end ] --START--
INFO: [ view_end ] --END-- [ RunTime:0.000032s ]

[ 2017-05-18T23:00:14+08:00 ] ::1 /health/management/Application/index.php/Admin/Login/login.html
INFO: [ app_init ] --START--
INFO: [ app_init ] --END-- [ RunTime:0.000423s ]
INFO: [ path_info ] --START--
INFO: [ path_info ] --END-- [ RunTime:0.000062s ]
INFO: [ app_begin ] --START--
INFO: Run Behavior\ReadHtmlCache [ RunTime:0.000069s ]
INFO: [ app_begin ] --END-- [ RunTime:0.000160s ]
INFO: [ action_begin ] --START--
INFO: [ action_begin ] --END-- [ RunTime:0.000078s ]
INFO: [ view_begin ] --START--
INFO: [ view_begin ] --END-- [ RunTime:0.000045s ]
INFO: [ view_parse ] --START--
INFO: [ template_filter ] --START--
INFO: Run Behavior\ContentReplace [ RunTime:0.000098s ]
INFO: [ template_filter ] --END-- [ RunTime:0.000214s ]
INFO: Run Behavior\ParseTemplate [ RunTime:0.735028s ]
INFO: [ view_parse ] --END-- [ RunTime:0.735166s ]
INFO: [ view_filter ] --START--
INFO: Run Behavior\WriteHtmlCache [ RunTime:0.000025s ]
INFO: [ view_filter ] --END-- [ RunTime:0.000155s ]
INFO: [ view_end ] --START--
INFO: [ view_end ] --END-- [ RunTime:0.000032s ]
INFO: [ app_end ] --START--
INFO: Run Behavior\ShowPageTrace [ RunTime:0.000064s ]
INFO: [ app_end ] --END-- [ RunTime:0.000133s ]

[ 2017-05-18T23:00:24+08:00 ] ::1 /health/management/Application/index.php/Admin/Login/login.html
INFO: [ app_init ] --START--
INFO: [ app_init ] --END-- [ RunTime:0.000476s ]
INFO: [ path_info ] --START--
INFO: [ path_info ] --END-- [ RunTime:0.000048s ]
INFO: [ app_begin ] --START--
INFO: Run Behavior\ReadHtmlCache [ RunTime:0.000066s ]
INFO: [ app_begin ] --END-- [ RunTime:0.000195s ]
INFO: [ action_begin ] --START--
INFO: [ action_begin ] --END-- [ RunTime:0.000122s ]
SQL: SHOW COLUMNS FROM `manager` [ RunTime:0.125307s ]
SQL: SELECT * FROM `manager` WHERE ( `mg_admin` = 'admin' ) LIMIT 1   [ RunTime:0.001008s ]
INFO: [ view_begin ] --START--
INFO: [ view_begin ] --END-- [ RunTime:0.000063s ]
INFO: [ view_parse ] --START--
INFO: [ template_filter ] --START--
INFO: Run Behavior\ContentReplace [ RunTime:0.000120s ]
INFO: [ template_filter ] --END-- [ RunTime:0.000306s ]
INFO: Run Behavior\ParseTemplate [ RunTime:0.012090s ]
INFO: [ view_parse ] --END-- [ RunTime:0.012265s ]
INFO: [ view_filter ] --START--
INFO: Run Behavior\WriteHtmlCache [ RunTime:0.000092s ]
INFO: [ view_filter ] --END-- [ RunTime:0.000245s ]
INFO: [ view_end ] --START--
INFO: [ view_end ] --END-- [ RunTime:0.000037s ]

[ 2017-05-18T23:00:27+08:00 ] ::1 /health/management/Application/index.php/Admin/Login/login.html
INFO: [ app_init ] --START--
INFO: [ app_init ] --END-- [ RunTime:0.000810s ]
INFO: [ path_info ] --START--
INFO: [ path_info ] --END-- [ RunTime:0.000084s ]
INFO: [ app_begin ] --START--
INFO: Run Behavior\ReadHtmlCache [ RunTime:0.000399s ]
INFO: [ app_begin ] --END-- [ RunTime:0.000598s ]
INFO: [ action_begin ] --START--
INFO: [ action_begin ] --END-- [ RunTime:0.000181s ]
INFO: [ view_begin ] --START--
INFO: [ view_begin ] --END-- [ RunTime:0.000047s ]
INFO: [ view_parse ] --START--
INFO: [ template_filter ] --START--
INFO: Run Behavior\ContentReplace [ RunTime:0.000161s ]
INFO: [ template_filter ] --END-- [ RunTime:0.000346s ]
INFO: Run Behavior\ParseTemplate [ RunTime:0.013604s ]
INFO: [ view_parse ] --END-- [ RunTime:0.013779s ]
INFO: [ view_filter ] --START--
INFO: Run Behavior\WriteHtmlCache [ RunTime:0.000041s ]
INFO: [ view_filter ] --END-- [ RunTime:0.000174s ]
INFO: [ view_end ] --START--
INFO: [ view_end ] --END-- [ RunTime:0.000060s ]
INFO: [ app_end ] --START--
INFO: Run Behavior\ShowPageTrace [ RunTime:0.000101s ]
INFO: [ app_end ] --END-- [ RunTime:0.000226s ]

[ 2017-05-18T23:00:33+08:00 ] ::1 /health/management/Application/index.php/Admin/Login/login.html
INFO: [ app_init ] --START--
INFO: [ app_init ] --END-- [ RunTime:0.000707s ]
INFO: [ path_info ] --START--
INFO: [ path_info ] --END-- [ RunTime:0.000051s ]
INFO: [ app_begin ] --START--
INFO: Run Behavior\ReadHtmlCache [ RunTime:0.000088s ]
INFO: [ app_begin ] --END-- [ RunTime:0.000211s ]
INFO: [ action_begin ] --START--
INFO: [ action_begin ] --END-- [ RunTime:0.000078s ]
SQL: SHOW COLUMNS FROM `manager` [ RunTime:0.005749s ]
SQL: SELECT * FROM `manager` WHERE ( `mg_admin` = 'admin' ) LIMIT 1   [ RunTime:0.000598s ]
INFO: [ view_begin ] --START--
INFO: [ view_begin ] --END-- [ RunTime:0.000042s ]
INFO: [ view_parse ] --START--
INFO: [ template_filter ] --START--
INFO: Run Behavior\ContentReplace [ RunTime:0.000153s ]
INFO: [ template_filter ] --END-- [ RunTime:0.000431s ]
INFO: Run Behavior\ParseTemplate [ RunTime:0.012560s ]
INFO: [ view_parse ] --END-- [ RunTime:0.012707s ]
INFO: [ view_filter ] --START--
INFO: Run Behavior\WriteHtmlCache [ RunTime:0.000041s ]
INFO: [ view_filter ] --END-- [ RunTime:0.000176s ]
INFO: [ view_end ] --START--
INFO: [ view_end ] --END-- [ RunTime:0.000062s ]

[ 2017-05-18T23:00:36+08:00 ] ::1 /health/management/Application/index.php/Admin/Login/login.html
INFO: [ app_init ] --START--
INFO: [ app_init ] --END-- [ RunTime:0.000727s ]
INFO: [ path_info ] --START--
INFO: [ path_info ] --END-- [ RunTime:0.000052s ]
INFO: [ app_begin ] --START--
INFO: Run Behavior\ReadHtmlCache [ RunTime:0.000071s ]
INFO: [ app_begin ] --END-- [ RunTime:0.000179s ]
INFO: [ action_begin ] --START--
INFO: [ action_begin ] --END-- [ RunTime:0.000056s ]
INFO: [ view_begin ] --START--
INFO: [ view_begin ] --END-- [ RunTime:0.000037s ]
INFO: [ view_parse ] --START--
INFO: [ template_filter ] --START--
INFO: Run Behavior\ContentReplace [ RunTime:0.000161s ]
INFO: [ template_filter ] --END-- [ RunTime:0.000313s ]
INFO: Run Behavior\ParseTemplate [ RunTime:0.011974s ]
INFO: [ view_parse ] --END-- [ RunTime:0.012157s ]
INFO: [ view_filter ] --START--
INFO: Run Behavior\WriteHtmlCache [ RunTime:0.000043s ]
INFO: [ view_filter ] --END-- [ RunTime:0.000303s ]
INFO: [ view_end ] --START--
INFO: [ view_end ] --END-- [ RunTime:0.000062s ]
INFO: [ app_end ] --START--
INFO: Run Behavior\ShowPageTrace [ RunTime:0.000106s ]
INFO: [ app_end ] --END-- [ RunTime:0.000249s ]

[ 2017-05-18T23:07:04+08:00 ] ::1 /health/management/Application/index.php/Admin/Login/login.html
INFO: [ app_init ] --START--
INFO: [ app_init ] --END-- [ RunTime:0.000488s ]
INFO: [ path_info ] --START--
INFO: [ path_info ] --END-- [ RunTime:0.000045s ]
INFO: [ app_begin ] --START--
INFO: Run Behavior\ReadHtmlCache [ RunTime:0.000066s ]
INFO: [ app_begin ] --END-- [ RunTime:0.000169s ]
INFO: [ action_begin ] --START--
INFO: [ action_begin ] --END-- [ RunTime:0.000061s ]
SQL: SHOW COLUMNS FROM `manager` [ RunTime:0.009348s ]
SQL: SELECT * FROM `manager` WHERE ( `mg_admin` = 'admin' ) LIMIT 1   [ RunTime:0.001070s ]
INFO: [ view_begin ] --START--
INFO: [ view_begin ] --END-- [ RunTime:0.000101s ]
INFO: [ view_parse ] --START--
INFO: [ template_filter ] --START--
INFO: Run Behavior\ContentReplace [ RunTime:0.000183s ]
INFO: [ template_filter ] --END-- [ RunTime:0.000425s ]
INFO: Run Behavior\ParseTemplate [ RunTime:0.019852s ]
INFO: [ view_parse ] --END-- [ RunTime:0.020176s ]
INFO: [ view_filter ] --START--
INFO: Run Behavior\WriteHtmlCache [ RunTime:0.000050s ]
INFO: [ view_filter ] --END-- [ RunTime:0.000201s ]
INFO: [ view_end ] --START--
INFO: [ view_end ] --END-- [ RunTime:0.000067s ]

[ 2017-05-18T23:07:05+08:00 ] ::1 /health/management/Application/index.php/Admin/Index/index.html
INFO: [ app_init ] --START--
INFO: [ app_init ] --END-- [ RunTime:0.000509s ]
INFO: [ path_info ] --START--
INFO: [ path_info ] --END-- [ RunTime:0.000053s ]
INFO: [ app_begin ] --START--
INFO: Run Behavior\ReadHtmlCache [ RunTime:0.000071s ]
INFO: [ app_begin ] --END-- [ RunTime:0.000178s ]
INFO: [ action_begin ] --START--
INFO: [ action_begin ] --END-- [ RunTime:0.000065s ]
INFO: [ view_begin ] --START--
INFO: [ view_begin ] --END-- [ RunTime:0.000037s ]
INFO: [ view_parse ] --START--
INFO: [ template_filter ] --START--
INFO: Run Behavior\ContentReplace [ RunTime:0.000115s ]
INFO: [ template_filter ] --END-- [ RunTime:0.000228s ]
INFO: Run Behavior\ParseTemplate [ RunTime:0.038318s ]
INFO: [ view_parse ] --END-- [ RunTime:0.038450s ]
INFO: [ view_filter ] --START--
INFO: Run Behavior\WriteHtmlCache [ RunTime:0.000024s ]
INFO: [ view_filter ] --END-- [ RunTime:0.000097s ]
INFO: [ view_end ] --START--
INFO: [ view_end ] --END-- [ RunTime:0.000032s ]
INFO: [ app_end ] --START--
INFO: Run Behavior\ShowPageTrace [ RunTime:0.000063s ]
INFO: [ app_end ] --END-- [ RunTime:0.000150s ]

[ 2017-05-18T23:07:06+08:00 ] ::1 /health/management/Application/index.php/Admin/Index/main.html
INFO: [ app_init ] --START--
INFO: [ app_init ] --END-- [ RunTime:0.001000s ]
INFO: [ path_info ] --START--
INFO: [ path_info ] --END-- [ RunTime:0.000089s ]
INFO: [ app_begin ] --START--
INFO: Run Behavior\ReadHtmlCache [ RunTime:0.000118s ]
INFO: [ app_begin ] --END-- [ RunTime:0.000315s ]
INFO: [ action_begin ] --START--
INFO: [ action_begin ] --END-- [ RunTime:0.000129s ]
INFO: [ view_begin ] --START--
INFO: [ view_begin ] --END-- [ RunTime:0.000070s ]
INFO: [ view_parse ] --START--
INFO: [ template_filter ] --START--
INFO: Run Behavior\ContentReplace [ RunTime:0.000147s ]
INFO: [ template_filter ] --END-- [ RunTime:0.000349s ]
INFO: Run Behavior\ParseTemplate [ RunTime:0.150506s ]
INFO: [ view_parse ] --END-- [ RunTime:0.150699s ]
INFO: [ view_filter ] --START--
INFO: Run Behavior\WriteHtmlCache [ RunTime:0.000028s ]
INFO: [ view_filter ] --END-- [ RunTime:0.000107s ]
INFO: [ view_end ] --START--
INFO: [ view_end ] --END-- [ RunTime:0.000033s ]
INFO: [ app_end ] --START--
INFO: Run Behavior\ShowPageTrace [ RunTime:0.000065s ]
INFO: [ app_end ] --END-- [ RunTime:0.000158s ]

[ 2017-05-18T23:07:09+08:00 ] ::1 /health/management/Application/index.php/Admin/Hospital/listHos
INFO: [ app_init ] --START--
INFO: [ app_init ] --END-- [ RunTime:0.000560s ]
INFO: [ path_info ] --START--
INFO: [ path_info ] --END-- [ RunTime:0.000049s ]
INFO: [ app_begin ] --START--
INFO: Run Behavior\ReadHtmlCache [ RunTime:0.000069s ]
INFO: [ app_begin ] --END-- [ RunTime:0.000157s ]
INFO: [ action_begin ] --START--
INFO: [ action_begin ] --END-- [ RunTime:0.000069s ]
NOTIC: [2048] Declaration of Admin\Model\HospitalInfoModel::_after_insert() should be compatible with that of Think\Model::_after_insert() E:\WWW\health\management\Application\Admin\Model\HospitalInfoModel.class.php 第 7 行.
SQL: SHOW COLUMNS FROM `hospital_info` [ RunTime:0.005127s ]
SQL: SELECT COUNT(*) AS tp_count FROM `hospital_info` LIMIT 1   [ RunTime:0.000478s ]
NOTIC: [8] Undefined variable: where E:\WWW\health\management\Application\Admin\Model\HospitalInfoModel.class.php 第 29 行.
SQL: SELECT * FROM `hospital_info` ORDER BY hos_id desc LIMIT 0,3   [ RunTime:0.000559s ]
INFO: [ view_begin ] --START--
INFO: [ view_begin ] --END-- [ RunTime:0.000039s ]
INFO: [ view_parse ] --START--
INFO: [ template_filter ] --START--
INFO: Run Behavior\ContentReplace [ RunTime:0.000156s ]
INFO: [ template_filter ] --END-- [ RunTime:0.000280s ]
INFO: Run Behavior\ParseTemplate [ RunTime:0.030664s ]
INFO: [ view_parse ] --END-- [ RunTime:0.030806s ]
INFO: [ view_filter ] --START--
INFO: Run Behavior\WriteHtmlCache [ RunTime:0.000024s ]
INFO: [ view_filter ] --END-- [ RunTime:0.000097s ]
INFO: [ view_end ] --START--
INFO: [ view_end ] --END-- [ RunTime:0.000041s ]
INFO: [ app_end ] --START--
INFO: Run Behavior\ShowPageTrace [ RunTime:0.000106s ]
INFO: [ app_end ] --END-- [ RunTime:0.000183s ]

[ 2017-05-18T23:07:11+08:00 ] ::1 /health/management/Application/index.php/Admin/Hospital/uploadExcel
INFO: [ app_init ] --START--
INFO: [ app_init ] --END-- [ RunTime:0.000480s ]
INFO: [ path_info ] --START--
INFO: [ path_info ] --END-- [ RunTime:0.000047s ]
INFO: [ app_begin ] --START--
INFO: Run Behavior\ReadHtmlCache [ RunTime:0.000067s ]
INFO: [ app_begin ] --END-- [ RunTime:0.000159s ]
INFO: [ action_begin ] --START--
INFO: [ action_begin ] --END-- [ RunTime:0.000072s ]
INFO: [ view_begin ] --START--
INFO: [ view_begin ] --END-- [ RunTime:0.000037s ]
INFO: [ view_parse ] --START--
INFO: [ template_filter ] --START--
INFO: Run Behavior\ContentReplace [ RunTime:0.000130s ]
INFO: [ template_filter ] --END-- [ RunTime:0.000354s ]
INFO: Run Behavior\ParseTemplate [ RunTime:0.022382s ]
INFO: [ view_parse ] --END-- [ RunTime:0.022509s ]
INFO: [ view_filter ] --START--
INFO: Run Behavior\WriteHtmlCache [ RunTime:0.000025s ]
INFO: [ view_filter ] --END-- [ RunTime:0.000100s ]
INFO: [ view_end ] --START--
INFO: [ view_end ] --END-- [ RunTime:0.000032s ]
INFO: [ app_end ] --START--
INFO: Run Behavior\ShowPageTrace [ RunTime:0.000075s ]
INFO: [ app_end ] --END-- [ RunTime:0.000169s ]

[ 2017-05-18T23:09:16+08:00 ] ::1 /health/management/Application/index.php/Admin/Hospital/uploadExcel
INFO: [ app_init ] --START--
INFO: [ app_init ] --END-- [ RunTime:0.000509s ]
INFO: [ path_info ] --START--
INFO: [ path_info ] --END-- [ RunTime:0.000051s ]
INFO: [ app_begin ] --START--
INFO: Run Behavior\ReadHtmlCache [ RunTime:0.000071s ]
INFO: [ app_begin ] --END-- [ RunTime:0.000172s ]
INFO: [ action_begin ] --START--
INFO: [ action_begin ] --END-- [ RunTime:0.000124s ]
NOTIC: [2] Invalid argument supplied for foreach() E:\WWW\health\management\Application\Admin\Controller\HospitalController.class.php 第 99 行.
NOTIC: [2048] Declaration of Admin\Model\HospitalInfoModel::_after_insert() should be compatible with that of Think\Model::_after_insert() E:\WWW\health\management\Application\Admin\Model\HospitalInfoModel.class.php 第 7 行.
SQL: SHOW COLUMNS FROM `hospital_info` [ RunTime:0.017966s ]
NOTIC: [8] Undefined variable: info E:\WWW\health\management\Application\Admin\Controller\HospitalController.class.php 第 133 行.
INFO: [ view_begin ] --START--
INFO: [ view_begin ] --END-- [ RunTime:0.000039s ]
INFO: [ view_parse ] --START--
INFO: [ template_filter ] --START--
INFO: Run Behavior\ContentReplace [ RunTime:0.000149s ]
INFO: [ template_filter ] --END-- [ RunTime:0.000346s ]
INFO: Run Behavior\ParseTemplate [ RunTime:0.024454s ]
INFO: [ view_parse ] --END-- [ RunTime:0.024619s ]
INFO: [ view_filter ] --START--
INFO: Run Behavior\WriteHtmlCache [ RunTime:0.000041s ]
INFO: [ view_filter ] --END-- [ RunTime:0.000170s ]
INFO: [ view_end ] --START--
INFO: [ view_end ] --END-- [ RunTime:0.000060s ]

[ 2017-05-18T23:09:19+08:00 ] ::1 /health/management/Application/index.php/Admin/Hospital/uploadExcel
INFO: [ app_init ] --START--
INFO: [ app_init ] --END-- [ RunTime:0.000472s ]
INFO: [ path_info ] --START--
INFO: [ path_info ] --END-- [ RunTime:0.000048s ]
INFO: [ app_begin ] --START--
INFO: Run Behavior\ReadHtmlCache [ RunTime:0.000071s ]
INFO: [ app_begin ] --END-- [ RunTime:0.000162s ]
INFO: [ action_begin ] --START--
INFO: [ action_begin ] --END-- [ RunTime:0.000056s ]
INFO: [ view_begin ] --START--
INFO: [ view_begin ] --END-- [ RunTime:0.000037s ]
INFO: [ view_parse ] --START--
INFO: [ template_filter ] --START--
INFO: Run Behavior\ContentReplace [ RunTime:0.000115s ]
INFO: [ template_filter ] --END-- [ RunTime:0.000230s ]
INFO: Run Behavior\ParseTemplate [ RunTime:0.009544s ]
INFO: [ view_parse ] --END-- [ RunTime:0.009659s ]
INFO: [ view_filter ] --START--
INFO: Run Behavior\WriteHtmlCache [ RunTime:0.000024s ]
INFO: [ view_filter ] --END-- [ RunTime:0.000098s ]
INFO: [ view_end ] --START--
INFO: [ view_end ] --END-- [ RunTime:0.000038s ]
INFO: [ app_end ] --START--
INFO: Run Behavior\ShowPageTrace [ RunTime:0.000103s ]
INFO: [ app_end ] --END-- [ RunTime:0.000223s ]

